[2026-03-15 14:08:20] [INFO] Starting CWC water_level download
[2026-03-15 14:08:20] [INFO] Discovered 22 CWC stations natively
[2026-03-15 14:08:36] [SUCCESS] Downloaded 026-ugdhyd
[2026-03-15 14:08:36] [WARN] Failed or empty data for 028-wgdngp
[2026-03-15 14:08:36] [WARN] Failed or empty data for 027-ugdhyd
[2026-03-15 14:08:36] [SUCCESS] Downloaded 030-UGDHYD
[2026-03-15 14:08:36] [SUCCESS] Downloaded 018-UGDHYD
[2026-03-15 14:08:36] [SUCCESS] Downloaded 025-UGDHYD
[2026-03-15 14:08:36] [SUCCESS] Downloaded 017-LGDHYD
[2026-03-15 14:08:36] [SUCCESS] Downloaded 001-lgdhyd
[2026-03-15 14:08:36] [WARN] Failed or empty data for 034-LGDHYD
[2026-03-15 14:08:36] [SUCCESS] Downloaded 022-ugdhyd
[2026-03-15 14:08:36] [SUCCESS] Downloaded 019-lgdhyd
[2026-03-15 14:08:36] [SUCCESS] Downloaded 016-LGDHYD
[2026-03-15 14:08:36] [SUCCESS] Downloaded 015-LGDHYD
[2026-03-15 14:08:36] [WARN] Failed or empty data for 053-UGDHYD
[2026-03-15 14:08:36] [WARN] Failed or empty data for 049-ugdhyd
[2026-03-15 14:08:36] [SUCCESS] Downloaded 024-UGDHYD
[2026-03-15 14:08:36] [SUCCESS] Downloaded 023-UGDHYD
[2026-03-15 14:08:36] [SUCCESS] Downloaded 022-wgdngp
[2026-03-15 14:08:36] [SUCCESS] Downloaded 018-LGDHYD
[2026-03-15 14:08:36] [SUCCESS] Downloaded 002-LGDHYD
[2026-03-15 14:08:36] [SUCCESS] Downloaded 019-UGDHYD
[2026-03-15 14:08:36] [SUCCESS] Downloaded 014-lgdhyd
[2026-03-15 14:08:39] [INFO] Successfully generated 17 plots
[2026-03-15 14:08:39] [INFO] Merging CWC data to GeoPackage: cwc_timeseries_telangana_godavari.gpkg
[2026-03-15 14:08:39] [INFO] Finished CWC: Downloaded 17, Skipped 0 in 18.5s
[2026-03-15 15:38:52] [INFO] Starting CWC water_level download
[2026-03-15 15:38:52] [INFO] Discovered 56 CWC stations natively
[2026-03-15 15:39:10] [WARN] Failed or empty data for 027-ugdhyd
[2026-03-15 15:39:10] [SUCCESS] Downloaded 007-ugdhyd
[2026-03-15 15:39:10] [SUCCESS] Downloaded 003-ugdhyd
[2026-03-15 15:39:10] [WARN] Failed or empty data for 049-ugdhyd
[2026-03-15 15:39:10] [SUCCESS] Downloaded 022-ugdhyd
[2026-03-15 15:39:10] [SUCCESS] Downloaded 018-LGDHYD
[2026-03-15 15:39:10] [SUCCESS] Downloaded 008-WGDNGP
[2026-03-15 15:39:10] [SUCCESS] Downloaded 026-ugdhyd
[2026-03-15 15:39:10] [SUCCESS] Downloaded 021-wgdngp
[2026-03-15 15:39:10] [SUCCESS] Downloaded 019-WGDNGP
[2026-03-15 15:39:10] [SUCCESS] Downloaded 016-LGDHYD
[2026-03-15 15:39:10] [SUCCESS] Downloaded 012-wgdngp
[2026-03-15 15:39:10] [SUCCESS] Downloaded 017-WGDNGP
[2026-03-15 15:39:10] [SUCCESS] Downloaded 009-UGDHYD
[2026-03-15 15:39:10] [SUCCESS] Downloaded 036-UGDHYD
[2026-03-15 15:39:10] [SUCCESS] Downloaded 016-WGDNGP
[2026-03-15 15:39:10] [SUCCESS] Downloaded 026-WGDNGP
[2026-03-15 15:39:10] [SUCCESS] Downloaded 009-WGDNGP
[2026-03-15 15:39:10] [SUCCESS] Downloaded 021-UGDHYD
[2026-03-15 15:39:10] [SUCCESS] Downloaded 035-UGDHYD
[2026-03-15 15:39:10] [SUCCESS] Downloaded 006-UGDHYD
[2026-03-15 15:39:10] [SUCCESS] Downloaded 025-WGDNGP
[2026-03-15 15:39:10] [SUCCESS] Downloaded 006-WGDNGP
[2026-03-15 15:39:10] [SUCCESS] Downloaded 011-WGDNGP
[2026-03-15 15:39:10] [SUCCESS] Downloaded 020-wgdngp
[2026-03-15 15:39:10] [SUCCESS] Downloaded 034-UGDHYD
[2026-03-15 15:39:10] [SUCCESS] Downloaded 019-UGDHYD
[2026-03-15 15:39:10] [SUCCESS] Downloaded 012-UGDHYD
[2026-03-15 15:39:10] [SUCCESS] Downloaded 025-UGDHYD
[2026-03-15 15:39:10] [SUCCESS] Downloaded 005-ugdhyd
[2026-03-15 15:39:10] [SUCCESS] Downloaded 005-wgdngp
[2026-03-15 15:39:10] [SUCCESS] Downloaded 020-ugdhyd
[2026-03-15 15:39:10] [WARN] Failed or empty data for 034-LGDHYD
[2026-03-15 15:39:10] [SUCCESS] Downloaded 002-LGDHYD
[2026-03-15 15:39:10] [SUCCESS] Downloaded 024-wgdngp
[2026-03-15 15:39:10] [SUCCESS] Downloaded 015-LGDHYD
[2026-03-15 15:39:10] [SUCCESS] Downloaded 013-wgdngp
[2026-03-15 15:39:10] [SUCCESS] Downloaded 017-LGDHYD
[2026-03-15 15:39:10] [SUCCESS] Downloaded 032-wgdngp
[2026-03-15 15:39:10] [SUCCESS] Downloaded 018-UGDHYD
[2026-03-15 15:39:10] [SUCCESS] Downloaded 024-UGDHYD
[2026-03-15 15:39:10] [SUCCESS] Downloaded 008-ugdhyd
[2026-03-15 15:39:10] [SUCCESS] Downloaded 015-UGDHYD
[2026-03-15 15:39:10] [SUCCESS] Downloaded 014-ugdhyd
[2026-03-15 15:39:10] [SUCCESS] Downloaded 019-lgdhyd
[2026-03-15 15:39:10] [SUCCESS] Downloaded 030-UGDHYD
[2026-03-15 15:39:10] [SUCCESS] Downloaded 010-ugdhyd
[2026-03-15 15:39:10] [SUCCESS] Downloaded 014-lgdhyd
[2026-03-15 15:39:10] [SUCCESS] Downloaded 023-UGDHYD
[2026-03-15 15:39:10] [SUCCESS] Downloaded 028-wgdngp
[2026-03-15 15:39:10] [SUCCESS] Downloaded 018-WGDNGP
[2026-03-15 15:39:10] [SUCCESS] Downloaded 013-UGDHYD
[2026-03-15 15:39:10] [SUCCESS] Downloaded 010-wgdngp
[2026-03-15 15:39:10] [SUCCESS] Downloaded 022-wgdngp
[2026-03-15 15:39:10] [SUCCESS] Downloaded 001-lgdhyd
[2026-03-15 15:39:10] [WARN] Failed or empty data for 053-UGDHYD
[2026-03-15 15:39:18] [INFO] Successfully generated 52 plots
[2026-03-15 15:39:18] [INFO] Merging CWC data to GeoPackage: cwc_timeseries_godavari.gpkg
[2026-03-15 15:39:18] [INFO] Finished CWC: Downloaded 52, Skipped 0 in 26.5s
[2026-03-15 15:39:18] [INFO] Starting CWC water_level download
[2026-03-15 15:39:18] [INFO] Discovered 31 CWC stations natively
[2026-03-15 15:39:34] [SUCCESS] Downloaded 043-UKDPUNE
[2026-03-15 15:39:34] [SUCCESS] Downloaded 011-ukdpune
[2026-03-15 15:39:34] [SUCCESS] Downloaded 022-LKDHYD
[2026-03-15 15:39:34] [SUCCESS] Downloaded 003-UKDPUNE
[2026-03-15 15:39:34] [SUCCESS] Downloaded 016-ukdpune
[2026-03-15 15:39:34] [SUCCESS] Downloaded 012-UKDPUNE
[2026-03-15 15:39:34] [SUCCESS] Downloaded 029-ukdpune
[2026-03-15 15:39:34] [SUCCESS] Downloaded 009-lkdhyd
[2026-03-15 15:39:34] [SUCCESS] Downloaded 035-UKDPUNE
[2026-03-15 15:39:34] [SUCCESS] Downloaded 005-UKDPUNE
[2026-03-15 15:39:34] [SUCCESS] Downloaded 042-UKD PUNE
[2026-03-15 15:39:34] [SUCCESS] Downloaded 004-UKDPUNE
[2026-03-15 15:39:34] [SUCCESS] Downloaded 026-LKDHYD
[2026-03-15 15:39:34] [SUCCESS] Downloaded 040-LKDHYD
[2026-03-15 15:39:34] [SUCCESS] Downloaded 029-LKDHYD
[2026-03-15 15:39:34] [SUCCESS] Downloaded 006-LKDHYD
[2026-03-15 15:39:34] [WARN] Failed or empty data for 032-UKDPUNE
[2026-03-15 15:39:34] [SUCCESS] Downloaded 017-lkdhyd
[2026-03-15 15:39:34] [SUCCESS] Downloaded 040-UKDPUNE
[2026-03-15 15:39:34] [SUCCESS] Downloaded 025-ukdpune
[2026-03-15 15:39:34] [SUCCESS] Downloaded 010-ukdpune
[2026-03-15 15:39:34] [SUCCESS] Downloaded 018-LKDHYD
[2026-03-15 15:39:34] [SUCCESS] Downloaded 034-LKDHYD
[2026-03-15 15:39:34] [SUCCESS] Downloaded 019-LKDHYD
[2026-03-15 15:39:34] [SUCCESS] Downloaded 001-UKDPUNE
[2026-03-15 15:39:34] [SUCCESS] Downloaded 033-UKDPUNE
[2026-03-15 15:39:34] [SUCCESS] Downloaded 015-lkdhyd
[2026-03-15 15:39:34] [SUCCESS] Downloaded 002-UKDPUNE
[2026-03-15 15:39:34] [WARN] Failed or empty data for 034-UKDPUNE
[2026-03-15 15:39:34] [SUCCESS] Downloaded 028-ukdpune
[2026-03-15 15:39:34] [SUCCESS] Downloaded 006-UKDPUNE
[2026-03-15 15:39:38] [INFO] Successfully generated 29 plots
[2026-03-15 15:39:38] [INFO] Merging CWC data to GeoPackage: cwc_timeseries_krishna.gpkg
[2026-03-15 15:39:38] [INFO] Finished CWC: Downloaded 29, Skipped 0 in 19.6s
[2026-03-15 15:46:05] [INFO] Starting CWC water_level download
[2026-03-15 15:46:05] [INFO] Discovered 56 CWC stations natively
[2026-03-15 15:46:23] [SUCCESS] Downloaded 013-wgdngp
[2026-03-15 15:46:23] [SUCCESS] Downloaded 014-ugdhyd
[2026-03-15 15:46:23] [SUCCESS] Downloaded 022-wgdngp
[2026-03-15 15:46:23] [SUCCESS] Downloaded 020-ugdhyd
[2026-03-15 15:46:23] [SUCCESS] Downloaded 018-LGDHYD
[2026-03-15 15:46:23] [SUCCESS] Downloaded 026-WGDNGP
[2026-03-15 15:46:23] [SUCCESS] Downloaded 007-ugdhyd
[2026-03-15 15:46:23] [SUCCESS] Downloaded 012-wgdngp
[2026-03-15 15:46:23] [SUCCESS] Downloaded 019-UGDHYD
[2026-03-15 15:46:23] [SUCCESS] Downloaded 034-UGDHYD
[2026-03-15 15:46:23] [SUCCESS] Downloaded 003-ugdhyd
[2026-03-15 15:46:23] [SUCCESS] Downloaded 018-WGDNGP
[2026-03-15 15:46:23] [SUCCESS] Downloaded 006-WGDNGP
[2026-03-15 15:46:23] [SUCCESS] Downloaded 035-UGDHYD
[2026-03-15 15:46:23] [SUCCESS] Downloaded 023-UGDHYD
[2026-03-15 15:46:23] [SUCCESS] Downloaded 016-LGDHYD
[2026-03-15 15:46:23] [SUCCESS] Downloaded 017-LGDHYD
[2026-03-15 15:46:23] [SUCCESS] Downloaded 036-UGDHYD
[2026-03-15 15:46:23] [SUCCESS] Downloaded 008-WGDNGP
[2026-03-15 15:46:23] [WARN] Failed or empty data for 053-UGDHYD
[2026-03-15 15:46:23] [SUCCESS] Downloaded 016-WGDNGP
[2026-03-15 15:46:23] [SUCCESS] Downloaded 019-lgdhyd
[2026-03-15 15:46:23] [SUCCESS] Downloaded 005-wgdngp
[2026-03-15 15:46:23] [WARN] Failed or empty data for 034-LGDHYD
[2026-03-15 15:46:23] [SUCCESS] Downloaded 022-ugdhyd
[2026-03-15 15:46:23] [SUCCESS] Downloaded 015-UGDHYD
[2026-03-15 15:46:23] [WARN] Failed or empty data for 027-ugdhyd
[2026-03-15 15:46:23] [SUCCESS] Downloaded 006-UGDHYD
[2026-03-15 15:46:23] [SUCCESS] Downloaded 024-UGDHYD
[2026-03-15 15:46:23] [SUCCESS] Downloaded 028-wgdngp
[2026-03-15 15:46:23] [SUCCESS] Downloaded 025-UGDHYD
[2026-03-15 15:46:23] [SUCCESS] Downloaded 009-WGDNGP
[2026-03-15 15:46:23] [SUCCESS] Downloaded 021-UGDHYD
[2026-03-15 15:46:23] [SUCCESS] Downloaded 015-LGDHYD
[2026-03-15 15:46:23] [SUCCESS] Downloaded 030-UGDHYD
[2026-03-15 15:46:23] [SUCCESS] Downloaded 011-WGDNGP
[2026-03-15 15:46:23] [SUCCESS] Downloaded 014-lgdhyd
[2026-03-15 15:46:23] [SUCCESS] Downloaded 025-WGDNGP
[2026-03-15 15:46:23] [SUCCESS] Downloaded 019-WGDNGP
[2026-03-15 15:46:23] [SUCCESS] Downloaded 008-ugdhyd
[2026-03-15 15:46:23] [SUCCESS] Downloaded 010-wgdngp
[2026-03-15 15:46:23] [WARN] Failed or empty data for 049-ugdhyd
[2026-03-15 15:46:23] [SUCCESS] Downloaded 002-LGDHYD
[2026-03-15 15:46:23] [SUCCESS] Downloaded 021-wgdngp
[2026-03-15 15:46:23] [SUCCESS] Downloaded 024-wgdngp
[2026-03-15 15:46:23] [SUCCESS] Downloaded 013-UGDHYD
[2026-03-15 15:46:23] [SUCCESS] Downloaded 032-wgdngp
[2026-03-15 15:46:23] [SUCCESS] Downloaded 012-UGDHYD
[2026-03-15 15:46:23] [SUCCESS] Downloaded 018-UGDHYD
[2026-03-15 15:46:23] [SUCCESS] Downloaded 001-lgdhyd
[2026-03-15 15:46:23] [SUCCESS] Downloaded 026-ugdhyd
[2026-03-15 15:46:23] [SUCCESS] Downloaded 009-UGDHYD
[2026-03-15 15:46:23] [SUCCESS] Downloaded 020-wgdngp
[2026-03-15 15:46:23] [SUCCESS] Downloaded 017-WGDNGP
[2026-03-15 15:46:23] [SUCCESS] Downloaded 010-ugdhyd
[2026-03-15 15:46:23] [SUCCESS] Downloaded 005-ugdhyd
[2026-03-15 15:46:30] [INFO] Successfully generated 52 plots
[2026-03-15 15:46:30] [INFO] Merging CWC data to GeoPackage: cwc_timeseries_godavari.gpkg
[2026-03-15 15:46:30] [INFO] Finished CWC: Downloaded 52, Skipped 0 in 25.3s
[2026-03-15 15:46:30] [INFO] Starting CWC water_level download
[2026-03-15 15:46:30] [INFO] Discovered 31 CWC stations natively
[2026-03-15 15:46:46] [SUCCESS] Downloaded 029-ukdpune
[2026-03-15 15:46:46] [SUCCESS] Downloaded 029-LKDHYD
[2026-03-15 15:46:46] [SUCCESS] Downloaded 040-LKDHYD
[2026-03-15 15:46:46] [SUCCESS] Downloaded 011-ukdpune
[2026-03-15 15:46:46] [SUCCESS] Downloaded 004-UKDPUNE
[2026-03-15 15:46:46] [SUCCESS] Downloaded 006-LKDHYD
[2026-03-15 15:46:46] [SUCCESS] Downloaded 018-LKDHYD
[2026-03-15 15:46:46] [SUCCESS] Downloaded 043-UKDPUNE
[2026-03-15 15:46:46] [SUCCESS] Downloaded 006-UKDPUNE
[2026-03-15 15:46:46] [SUCCESS] Downloaded 002-UKDPUNE
[2026-03-15 15:46:46] [SUCCESS] Downloaded 010-ukdpune
[2026-03-15 15:46:46] [SUCCESS] Downloaded 019-LKDHYD
[2026-03-15 15:46:46] [SUCCESS] Downloaded 016-ukdpune
[2026-03-15 15:46:46] [SUCCESS] Downloaded 025-ukdpune
[2026-03-15 15:46:46] [SUCCESS] Downloaded 001-UKDPUNE
[2026-03-15 15:46:46] [SUCCESS] Downloaded 035-UKDPUNE
[2026-03-15 15:46:46] [SUCCESS] Downloaded 034-LKDHYD
[2026-03-15 15:46:46] [SUCCESS] Downloaded 009-lkdhyd
[2026-03-15 15:46:46] [SUCCESS] Downloaded 042-UKD PUNE
[2026-03-15 15:46:46] [SUCCESS] Downloaded 033-UKDPUNE
[2026-03-15 15:46:46] [SUCCESS] Downloaded 005-UKDPUNE
[2026-03-15 15:46:46] [SUCCESS] Downloaded 017-lkdhyd
[2026-03-15 15:46:46] [WARN] Failed or empty data for 032-UKDPUNE
[2026-03-15 15:46:46] [WARN] Failed or empty data for 034-UKDPUNE
[2026-03-15 15:46:46] [SUCCESS] Downloaded 028-ukdpune
[2026-03-15 15:46:46] [SUCCESS] Downloaded 015-lkdhyd
[2026-03-15 15:46:46] [SUCCESS] Downloaded 012-UKDPUNE
[2026-03-15 15:46:46] [SUCCESS] Downloaded 022-LKDHYD
[2026-03-15 15:46:46] [SUCCESS] Downloaded 003-UKDPUNE
[2026-03-15 15:46:46] [SUCCESS] Downloaded 040-UKDPUNE
[2026-03-15 15:46:46] [SUCCESS] Downloaded 026-LKDHYD
[2026-03-15 15:46:50] [INFO] Successfully generated 29 plots
[2026-03-15 15:46:50] [INFO] Merging CWC data to GeoPackage: cwc_timeseries_krishna.gpkg
[2026-03-15 15:46:50] [INFO] Finished CWC: Downloaded 29, Skipped 0 in 19.8s
[2026-03-15 15:47:15] [INFO] Starting CWC water_level download
[2026-03-15 15:47:15] [INFO] Discovered 56 CWC stations natively
[2026-03-15 15:47:34] [SUCCESS] Downloaded 019-WGDNGP
[2026-03-15 15:47:34] [SUCCESS] Downloaded 025-UGDHYD
[2026-03-15 15:47:34] [SUCCESS] Downloaded 005-wgdngp
[2026-03-15 15:47:34] [SUCCESS] Downloaded 034-UGDHYD
[2026-03-15 15:47:34] [SUCCESS] Downloaded 020-wgdngp
[2026-03-15 15:47:34] [SUCCESS] Downloaded 015-UGDHYD
[2026-03-15 15:47:34] [SUCCESS] Downloaded 025-WGDNGP
[2026-03-15 15:47:34] [SUCCESS] Downloaded 035-UGDHYD
[2026-03-15 15:47:34] [SUCCESS] Downloaded 021-UGDHYD
[2026-03-15 15:47:34] [SUCCESS] Downloaded 026-WGDNGP
[2026-03-15 15:47:34] [SUCCESS] Downloaded 014-ugdhyd
[2026-03-15 15:47:34] [SUCCESS] Downloaded 009-UGDHYD
[2026-03-15 15:47:34] [SUCCESS] Downloaded 036-UGDHYD
[2026-03-15 15:47:34] [SUCCESS] Downloaded 021-wgdngp
[2026-03-15 15:47:34] [SUCCESS] Downloaded 008-ugdhyd
[2026-03-15 15:47:34] [SUCCESS] Downloaded 026-ugdhyd
[2026-03-15 15:47:34] [SUCCESS] Downloaded 016-LGDHYD
[2026-03-15 15:47:34] [SUCCESS] Downloaded 018-UGDHYD
[2026-03-15 15:47:34] [WARN] Failed or empty data for 049-ugdhyd
[2026-03-15 15:47:34] [SUCCESS] Downloaded 022-ugdhyd
[2026-03-15 15:47:34] [SUCCESS] Downloaded 012-UGDHYD
[2026-03-15 15:47:34] [SUCCESS] Downloaded 009-WGDNGP
[2026-03-15 15:47:34] [WARN] Failed or empty data for 027-ugdhyd
[2026-03-15 15:47:34] [SUCCESS] Downloaded 008-WGDNGP
[2026-03-15 15:47:34] [SUCCESS] Downloaded 018-LGDHYD
[2026-03-15 15:47:34] [WARN] Failed or empty data for 053-UGDHYD
[2026-03-15 15:47:34] [SUCCESS] Downloaded 003-ugdhyd
[2026-03-15 15:47:34] [SUCCESS] Downloaded 022-wgdngp
[2026-03-15 15:47:34] [SUCCESS] Downloaded 028-wgdngp
[2026-03-15 15:47:34] [SUCCESS] Downloaded 010-ugdhyd
[2026-03-15 15:47:34] [SUCCESS] Downloaded 002-LGDHYD
[2026-03-15 15:47:34] [SUCCESS] Downloaded 012-wgdngp
[2026-03-15 15:47:34] [SUCCESS] Downloaded 007-ugdhyd
[2026-03-15 15:47:34] [SUCCESS] Downloaded 023-UGDHYD
[2026-03-15 15:47:34] [SUCCESS] Downloaded 015-LGDHYD
[2026-03-15 15:47:34] [SUCCESS] Downloaded 017-WGDNGP
[2026-03-15 15:47:34] [SUCCESS] Downloaded 030-UGDHYD
[2026-03-15 15:47:34] [SUCCESS] Downloaded 010-wgdngp
[2026-03-15 15:47:34] [SUCCESS] Downloaded 024-UGDHYD
[2026-03-15 15:47:34] [SUCCESS] Downloaded 016-WGDNGP
[2026-03-15 15:47:34] [SUCCESS] Downloaded 014-lgdhyd
[2026-03-15 15:47:34] [SUCCESS] Downloaded 006-WGDNGP
[2026-03-15 15:47:34] [SUCCESS] Downloaded 032-wgdngp
[2026-03-15 15:47:34] [SUCCESS] Downloaded 019-lgdhyd
[2026-03-15 15:47:34] [SUCCESS] Downloaded 018-WGDNGP
[2026-03-15 15:47:34] [SUCCESS] Downloaded 017-LGDHYD
[2026-03-15 15:47:34] [SUCCESS] Downloaded 011-WGDNGP
[2026-03-15 15:47:34] [SUCCESS] Downloaded 001-lgdhyd
[2026-03-15 15:47:34] [SUCCESS] Downloaded 005-ugdhyd
[2026-03-15 15:47:34] [SUCCESS] Downloaded 024-wgdngp
[2026-03-15 15:47:34] [SUCCESS] Downloaded 019-UGDHYD
[2026-03-15 15:47:34] [WARN] Failed or empty data for 034-LGDHYD
[2026-03-15 15:47:34] [SUCCESS] Downloaded 006-UGDHYD
[2026-03-15 15:47:34] [SUCCESS] Downloaded 020-ugdhyd
[2026-03-15 15:47:34] [SUCCESS] Downloaded 013-UGDHYD
[2026-03-15 15:47:34] [SUCCESS] Downloaded 013-wgdngp
[2026-03-15 15:47:42] [INFO] Successfully generated 52 plots
[2026-03-15 15:47:42] [INFO] Merging 52 CWC file(s) to GeoPackage: cwc_timeseries_godavari_2024-01-01_2024-04-01.gpkg
[2026-03-15 15:47:42] [INFO] Finished CWC: Downloaded 52, Skipped 0 in 27.2s
[2026-03-15 15:47:42] [INFO] Starting CWC water_level download
[2026-03-15 15:47:42] [INFO] Discovered 31 CWC stations natively
[2026-03-15 15:47:58] [SUCCESS] Downloaded 042-UKD PUNE
[2026-03-15 15:47:58] [SUCCESS] Downloaded 028-ukdpune
[2026-03-15 15:47:58] [SUCCESS] Downloaded 010-ukdpune
[2026-03-15 15:47:58] [SUCCESS] Downloaded 018-LKDHYD
[2026-03-15 15:47:58] [SUCCESS] Downloaded 043-UKDPUNE
[2026-03-15 15:47:58] [SUCCESS] Downloaded 022-LKDHYD
[2026-03-15 15:47:58] [SUCCESS] Downloaded 040-LKDHYD
[2026-03-15 15:47:58] [SUCCESS] Downloaded 034-LKDHYD
[2026-03-15 15:47:58] [SUCCESS] Downloaded 016-ukdpune
[2026-03-15 15:47:58] [SUCCESS] Downloaded 019-LKDHYD
[2026-03-15 15:47:58] [SUCCESS] Downloaded 001-UKDPUNE
[2026-03-15 15:47:58] [SUCCESS] Downloaded 035-UKDPUNE
[2026-03-15 15:47:58] [SUCCESS] Downloaded 040-UKDPUNE
[2026-03-15 15:47:58] [SUCCESS] Downloaded 011-ukdpune
[2026-03-15 15:47:58] [SUCCESS] Downloaded 006-LKDHYD
[2026-03-15 15:47:58] [WARN] Failed or empty data for 032-UKDPUNE
[2026-03-15 15:47:58] [SUCCESS] Downloaded 005-UKDPUNE
[2026-03-15 15:47:58] [SUCCESS] Downloaded 012-UKDPUNE
[2026-03-15 15:47:58] [SUCCESS] Downloaded 002-UKDPUNE
[2026-03-15 15:47:58] [SUCCESS] Downloaded 025-ukdpune
[2026-03-15 15:47:58] [WARN] Failed or empty data for 034-UKDPUNE
[2026-03-15 15:47:58] [SUCCESS] Downloaded 026-LKDHYD
[2026-03-15 15:47:58] [SUCCESS] Downloaded 009-lkdhyd
[2026-03-15 15:47:58] [SUCCESS] Downloaded 015-lkdhyd
[2026-03-15 15:47:58] [SUCCESS] Downloaded 006-UKDPUNE
[2026-03-15 15:47:58] [SUCCESS] Downloaded 029-ukdpune
[2026-03-15 15:47:58] [SUCCESS] Downloaded 003-UKDPUNE
[2026-03-15 15:47:58] [SUCCESS] Downloaded 017-lkdhyd
[2026-03-15 15:47:58] [SUCCESS] Downloaded 029-LKDHYD
[2026-03-15 15:47:58] [SUCCESS] Downloaded 033-UKDPUNE
[2026-03-15 15:47:58] [SUCCESS] Downloaded 004-UKDPUNE
[2026-03-15 15:48:02] [INFO] Successfully generated 29 plots
[2026-03-15 15:48:02] [INFO] Merging 29 CWC file(s) to GeoPackage: cwc_timeseries_krishna_2024-01-01_2024-04-01.gpkg
[2026-03-15 15:48:02] [INFO] Finished CWC: Downloaded 29, Skipped 0 in 19.6s
[2026-03-15 16:53:17] [INFO] Starting CWC water_level download
[2026-03-15 16:53:17] [INFO] Discovered 56 CWC stations natively
[2026-03-15 16:53:34] [SUCCESS] Downloaded 003-ugdhyd
[2026-03-15 16:53:34] [WARN] Failed or empty data for 049-ugdhyd
[2026-03-15 16:53:34] [SUCCESS] Downloaded 024-wgdngp
[2026-03-15 16:53:34] [SUCCESS] Downloaded 017-LGDHYD
[2026-03-15 16:53:34] [SUCCESS] Downloaded 012-UGDHYD
[2026-03-15 16:53:34] [SUCCESS] Downloaded 032-wgdngp
[2026-03-15 16:53:34] [SUCCESS] Downloaded 036-UGDHYD
[2026-03-15 16:53:34] [SUCCESS] Downloaded 021-UGDHYD
[2026-03-15 16:53:34] [SUCCESS] Downloaded 006-UGDHYD
[2026-03-15 16:53:34] [SUCCESS] Downloaded 002-LGDHYD
[2026-03-15 16:53:34] [SUCCESS] Downloaded 020-wgdngp
[2026-03-15 16:53:34] [SUCCESS] Downloaded 024-UGDHYD
[2026-03-15 16:53:34] [SUCCESS] Downloaded 012-wgdngp
[2026-03-15 16:53:34] [SUCCESS] Downloaded 008-ugdhyd
[2026-03-15 16:53:34] [SUCCESS] Downloaded 030-UGDHYD
[2026-03-15 16:53:34] [SUCCESS] Downloaded 017-WGDNGP
[2026-03-15 16:53:34] [SUCCESS] Downloaded 013-UGDHYD
[2026-03-15 16:53:34] [SUCCESS] Downloaded 035-UGDHYD
[2026-03-15 16:53:34] [SUCCESS] Downloaded 013-wgdngp
[2026-03-15 16:53:34] [SUCCESS] Downloaded 020-ugdhyd
[2026-03-15 16:53:34] [SUCCESS] Downloaded 023-UGDHYD
[2026-03-15 16:53:34] [SUCCESS] Downloaded 009-UGDHYD
[2026-03-15 16:53:34] [SUCCESS] Downloaded 019-lgdhyd
[2026-03-15 16:53:34] [SUCCESS] Downloaded 028-wgdngp
[2026-03-15 16:53:34] [SUCCESS] Downloaded 010-wgdngp
[2026-03-15 16:53:34] [SUCCESS] Downloaded 018-LGDHYD
[2026-03-15 16:53:34] [SUCCESS] Downloaded 034-UGDHYD
[2026-03-15 16:53:34] [SUCCESS] Downloaded 007-ugdhyd
[2026-03-15 16:53:34] [SUCCESS] Downloaded 015-LGDHYD
[2026-03-15 16:53:34] [SUCCESS] Downloaded 019-WGDNGP
[2026-03-15 16:53:34] [SUCCESS] Downloaded 005-ugdhyd
[2026-03-15 16:53:34] [WARN] Failed or empty data for 027-ugdhyd
[2026-03-15 16:53:34] [SUCCESS] Downloaded 009-WGDNGP
[2026-03-15 16:53:34] [SUCCESS] Downloaded 001-lgdhyd
[2026-03-15 16:53:34] [SUCCESS] Downloaded 018-UGDHYD
[2026-03-15 16:53:34] [SUCCESS] Downloaded 006-WGDNGP
[2026-03-15 16:53:34] [SUCCESS] Downloaded 010-ugdhyd
[2026-03-15 16:53:34] [SUCCESS] Downloaded 005-wgdngp
[2026-03-15 16:53:34] [SUCCESS] Downloaded 011-WGDNGP
[2026-03-15 16:53:34] [SUCCESS] Downloaded 026-ugdhyd
[2026-03-15 16:53:34] [SUCCESS] Downloaded 015-UGDHYD
[2026-03-15 16:53:34] [SUCCESS] Downloaded 022-wgdngp
[2026-03-15 16:53:34] [SUCCESS] Downloaded 018-WGDNGP
[2026-03-15 16:53:34] [SUCCESS] Downloaded 026-WGDNGP
[2026-03-15 16:53:34] [SUCCESS] Downloaded 014-ugdhyd
[2026-03-15 16:53:34] [SUCCESS] Downloaded 008-WGDNGP
[2026-03-15 16:53:34] [SUCCESS] Downloaded 022-ugdhyd
[2026-03-15 16:53:34] [SUCCESS] Downloaded 025-WGDNGP
[2026-03-15 16:53:34] [SUCCESS] Downloaded 016-LGDHYD
[2026-03-15 16:53:34] [SUCCESS] Downloaded 019-UGDHYD
[2026-03-15 16:53:34] [SUCCESS] Downloaded 016-WGDNGP
[2026-03-15 16:53:34] [SUCCESS] Downloaded 014-lgdhyd
[2026-03-15 16:53:34] [SUCCESS] Downloaded 021-wgdngp
[2026-03-15 16:53:34] [WARN] Failed or empty data for 053-UGDHYD
[2026-03-15 16:53:34] [SUCCESS] Downloaded 025-UGDHYD
[2026-03-15 16:53:34] [WARN] Failed or empty data for 034-LGDHYD
[2026-03-15 16:53:42] [INFO] Successfully generated 52 plots
[2026-03-15 16:53:42] [INFO] Merging 52 CWC file(s) to GeoPackage: cwc_waterlevel_godavari_2024-01-01_2024-04-01.gpkg
[2026-03-15 16:53:42] [INFO] Finished CWC: Downloaded 52, Skipped 0 in 25.4s
[2026-03-15 16:53:42] [INFO] Starting CWC water_level download
[2026-03-15 16:53:42] [INFO] Discovered 31 CWC stations natively
[2026-03-15 16:53:57] [SUCCESS] Downloaded 042-UKD PUNE
[2026-03-15 16:53:57] [SUCCESS] Downloaded 043-UKDPUNE
[2026-03-15 16:53:57] [SUCCESS] Downloaded 019-LKDHYD
[2026-03-15 16:53:57] [SUCCESS] Downloaded 002-UKDPUNE
[2026-03-15 16:53:57] [SUCCESS] Downloaded 029-ukdpune
[2026-03-15 16:53:57] [SUCCESS] Downloaded 011-ukdpune
[2026-03-15 16:53:57] [SUCCESS] Downloaded 003-UKDPUNE
[2026-03-15 16:53:57] [SUCCESS] Downloaded 029-LKDHYD
[2026-03-15 16:53:57] [SUCCESS] Downloaded 006-LKDHYD
[2026-03-15 16:53:57] [SUCCESS] Downloaded 040-LKDHYD
[2026-03-15 16:53:57] [SUCCESS] Downloaded 001-UKDPUNE
[2026-03-15 16:53:57] [SUCCESS] Downloaded 006-UKDPUNE
[2026-03-15 16:53:57] [SUCCESS] Downloaded 040-UKDPUNE
[2026-03-15 16:53:57] [SUCCESS] Downloaded 004-UKDPUNE
[2026-03-15 16:53:57] [SUCCESS] Downloaded 018-LKDHYD
[2026-03-15 16:53:57] [SUCCESS] Downloaded 034-LKDHYD
[2026-03-15 16:53:57] [WARN] Failed or empty data for 032-UKDPUNE
[2026-03-15 16:53:57] [SUCCESS] Downloaded 033-UKDPUNE
[2026-03-15 16:53:57] [SUCCESS] Downloaded 026-LKDHYD
[2026-03-15 16:53:57] [SUCCESS] Downloaded 009-lkdhyd
[2026-03-15 16:53:57] [SUCCESS] Downloaded 028-ukdpune
[2026-03-15 16:53:57] [SUCCESS] Downloaded 035-UKDPUNE
[2026-03-15 16:53:57] [SUCCESS] Downloaded 015-lkdhyd
[2026-03-15 16:53:57] [SUCCESS] Downloaded 022-LKDHYD
[2026-03-15 16:53:57] [WARN] Failed or empty data for 034-UKDPUNE
[2026-03-15 16:53:57] [SUCCESS] Downloaded 012-UKDPUNE
[2026-03-15 16:53:57] [SUCCESS] Downloaded 010-ukdpune
[2026-03-15 16:53:57] [SUCCESS] Downloaded 005-UKDPUNE
[2026-03-15 16:53:57] [SUCCESS] Downloaded 016-ukdpune
[2026-03-15 16:53:57] [SUCCESS] Downloaded 025-ukdpune
[2026-03-15 16:53:57] [SUCCESS] Downloaded 017-lkdhyd
[2026-03-15 16:54:02] [INFO] Successfully generated 29 plots
[2026-03-15 16:54:02] [INFO] Merging 29 CWC file(s) to GeoPackage: cwc_waterlevel_krishna_2024-01-01_2024-04-01.gpkg
[2026-03-15 16:54:02] [INFO] Finished CWC: Downloaded 29, Skipped 0 in 19.6s
