[2026-03-15 14:42:06] [INFO] Starting WRIS download for basin: Godavari
[2026-03-15 14:42:23] [INFO] Processing dataset: sediment
[2026-03-15 14:42:30] [WARN] No data returned for station: 007-ugdhyd
[2026-03-15 14:42:30] [WARN] No data returned for station: 020-ugdhyd
[2026-03-15 14:42:30] [WARN] No data returned for station: 031-ugdhyd
[2026-03-15 14:42:30] [WARN] No data returned for station: 017-ugdhyd
[2026-03-15 14:42:30] [INFO] Merging sediment to GeoPackage
[2026-03-15 14:42:30] [INFO] Finished sediment: Downloaded 0, Skipped 0 in 6.7s
[2026-03-15 14:42:31] [INFO] Starting WRIS download for basin: Godavari
[2026-03-15 14:42:50] [INFO] Processing dataset: solar_radiation
[2026-03-15 14:42:50] [SUCCESS] Downloaded 7D8FED08 -> 7D8FED08_Kovvada kalva reservoir_SOLAR_RD.csv
[2026-03-15 14:42:50] [SUCCESS] Downloaded 7D901252 -> 7D901252_Vuyyuru_SOLAR_RD.csv
[2026-03-15 14:42:50] [SUCCESS] Downloaded 7D903A6C -> 7D903A6C_Dowlaiswaram_SOLAR_RD.csv
[2026-03-15 14:42:50] [INFO] Merging solar_radiation to GeoPackage
[2026-03-15 14:42:50] [INFO] Finished solar_radiation: Downloaded 3, Skipped 0 in 0.7s
[2026-03-15 14:43:32] [INFO] Starting WRIS download for basin: Godavari
[2026-03-15 14:43:40] [INFO] Processing dataset: sediment
[2026-03-15 14:43:41] [SUCCESS] Downloaded 007-ugdhyd -> 007-ugdhyd_Pachegaon_SEDIM.csv
[2026-03-15 14:43:47] [WARN] No data returned for station: 020-ugdhyd
[2026-03-15 14:43:47] [WARN] No data returned for station: 031-ugdhyd
[2026-03-15 14:43:47] [WARN] No data returned for station: 017-ugdhyd
[2026-03-15 14:43:47] [INFO] Merging sediment to GeoPackage
[2026-03-15 14:43:47] [INFO] Finished sediment: Downloaded 1, Skipped 0 in 6.7s
[2026-03-15 14:43:47] [INFO] Starting WRIS download for basin: Godavari
[2026-03-15 14:43:56] [INFO] Processing dataset: solar_radiation
[2026-03-15 14:43:59] [SUCCESS] Downloaded 7D8FED08 -> 7D8FED08_Kovvada kalva reservoir_SOLAR_RD.csv
[2026-03-15 14:43:59] [SUCCESS] Downloaded 7D901252 -> 7D901252_Vuyyuru_SOLAR_RD.csv
[2026-03-15 14:44:00] [SUCCESS] Downloaded 7D903A6C -> 7D903A6C_Dowlaiswaram_SOLAR_RD.csv
[2026-03-15 14:44:00] [INFO] Merging solar_radiation to GeoPackage
[2026-03-15 14:44:00] [INFO] Finished solar_radiation: Downloaded 3, Skipped 0 in 4.3s
[2026-03-15 14:49:43] [INFO] Starting WRIS download for basin: Godavari
[2026-03-15 14:49:51] [INFO] Processing dataset: sediment
[2026-03-15 14:49:58] [WARN] No data returned for station: 007-ugdhyd
[2026-03-15 14:49:58] [WARN] No data returned for station: 031-ugdhyd
[2026-03-15 14:49:58] [WARN] No data returned for station: 020-ugdhyd
[2026-03-15 14:49:58] [WARN] No data returned for station: 017-ugdhyd
[2026-03-15 14:49:58] [WARN] No data in requested time period; skipping merge
[2026-03-15 14:49:58] [INFO] Finished sediment: Downloaded 0, Skipped 0 in 6.8s
[2026-03-15 14:49:59] [INFO] Starting WRIS download for basin: Godavari
[2026-03-15 14:50:07] [INFO] Processing dataset: solar_radiation
[2026-03-15 14:50:08] [SUCCESS] Downloaded 7D8FED08 -> 7D8FED08_Kovvada kalva reservoir_SOLAR_RD.csv
[2026-03-15 14:50:08] [SUCCESS] Downloaded 7D903A6C -> 7D903A6C_Dowlaiswaram_SOLAR_RD.csv
[2026-03-15 14:50:08] [SUCCESS] Downloaded 7D901252 -> 7D901252_Vuyyuru_SOLAR_RD.csv
[2026-03-15 14:50:08] [INFO] Merging solar_radiation to GeoPackage
[2026-03-15 14:50:08] [INFO] Finished solar_radiation: Downloaded 3, Skipped 0 in 0.8s
[2026-03-15 14:55:23] [INFO] Starting WRIS download for basin: Godavari
[2026-03-15 14:55:32] [INFO] Processing dataset: sediment
[2026-03-15 14:55:38] [WARN] No data returned for station: 007-ugdhyd
[2026-03-15 14:55:38] [WARN] No data returned for station: 031-ugdhyd
[2026-03-15 14:55:38] [WARN] No data returned for station: 017-ugdhyd
[2026-03-15 14:55:38] [WARN] No data returned for station: 020-ugdhyd
[2026-03-15 14:55:38] [WARN] No data in requested time period; skipping merge
[2026-03-15 14:55:38] [INFO] Finished sediment: Downloaded 0, Skipped 0 in 6.6s
[2026-03-15 14:55:39] [INFO] Starting WRIS download for basin: Godavari
[2026-03-15 14:55:47] [INFO] Processing dataset: solar_radiation
[2026-03-15 14:55:47] [SUCCESS] Downloaded 7D8FED08 -> 7D8FED08_Kovvada kalva reservoir_SOLAR_RD.csv
[2026-03-15 14:55:48] [SUCCESS] Downloaded 7D903A6C -> 7D903A6C_Dowlaiswaram_SOLAR_RD.csv
[2026-03-15 14:55:48] [SUCCESS] Downloaded 7D901252 -> 7D901252_Vuyyuru_SOLAR_RD.csv
[2026-03-15 14:55:48] [INFO] Merging solar_radiation to GeoPackage
[2026-03-15 14:55:48] [INFO] Finished solar_radiation: Downloaded 3, Skipped 0 in 0.8s
[2026-03-15 15:00:28] [INFO] Starting WRIS download for basin: Godavari
[2026-03-15 15:00:37] [INFO] Processing dataset: sediment
[2026-03-15 15:00:44] [WARN] No data returned for station: 020-ugdhyd
[2026-03-15 15:00:44] [WARN] No data returned for station: 031-ugdhyd
[2026-03-15 15:00:44] [WARN] No data returned for station: 017-ugdhyd
[2026-03-15 15:00:44] [WARN] No data returned for station: 007-ugdhyd
[2026-03-15 15:00:44] [WARN] No data in requested time period; skipping merge
[2026-03-15 15:00:44] [INFO] Finished sediment: Downloaded 0, Skipped 0 in 7.1s
[2026-03-15 15:00:45] [INFO] Starting WRIS download for basin: Godavari
[2026-03-15 15:00:53] [INFO] Processing dataset: solar_radiation
[2026-03-15 15:00:53] [SUCCESS] Downloaded 7D8FED08 -> 7D8FED08_Kovvada kalva reservoir_SOLAR_RD.csv
[2026-03-15 15:00:54] [SUCCESS] Downloaded 7D903A6C -> 7D903A6C_Dowlaiswaram_SOLAR_RD.csv
[2026-03-15 15:00:54] [SUCCESS] Downloaded 7D901252 -> 7D901252_Vuyyuru_SOLAR_RD.csv
[2026-03-15 15:00:54] [INFO] Merging 3 file(s) to GeoPackage (2024-01-01 to 2024-01-07)
[2026-03-15 15:00:54] [INFO] Finished solar_radiation: Downloaded 3, Skipped 0 in 0.7s
[2026-03-15 15:01:40] [INFO] Starting WRIS download for basin: Godavari
[2026-03-15 15:01:49] [INFO] Processing dataset: sediment
[2026-03-15 15:01:49] [SUCCESS] Downloaded 007-ugdhyd -> 007-ugdhyd_Pachegaon_SEDIM.csv
[2026-03-15 15:01:55] [WARN] No data returned for station: 017-ugdhyd
[2026-03-15 15:01:55] [WARN] No data returned for station: 031-ugdhyd
[2026-03-15 15:01:55] [WARN] No data returned for station: 020-ugdhyd
[2026-03-15 15:01:55] [INFO] Merging 1 file(s) to GeoPackage (2024-04-01 to 2025-05-07)
[2026-03-15 15:01:55] [INFO] Finished sediment: Downloaded 1, Skipped 0 in 6.7s
[2026-03-15 15:01:56] [INFO] Starting WRIS download for basin: Godavari
[2026-03-15 15:02:04] [INFO] Processing dataset: solar_radiation
[2026-03-15 15:02:07] [SUCCESS] Downloaded 7D901252 -> 7D901252_Vuyyuru_SOLAR_RD.csv
[2026-03-15 15:02:07] [SUCCESS] Downloaded 7D8FED08 -> 7D8FED08_Kovvada kalva reservoir_SOLAR_RD.csv
[2026-03-15 15:02:08] [SUCCESS] Downloaded 7D903A6C -> 7D903A6C_Dowlaiswaram_SOLAR_RD.csv
[2026-03-15 15:02:08] [INFO] Merging 3 file(s) to GeoPackage (2024-04-01 to 2025-05-07)
[2026-03-15 15:02:08] [INFO] Finished solar_radiation: Downloaded 3, Skipped 0 in 4.4s
