[2026-03-15 18:50:40] [INFO] Starting WRIS download for basin: Krishna
[2026-03-15 18:51:22] [INFO] Processing dataset: solar_radiation
[2026-03-15 18:51:23] [SUCCESS] Downloaded Rukadi -> Rukadi_Rukadi_SOLAR_RD.xlsx
[2026-03-15 18:51:23] [SUCCESS] Downloaded KK3GMNB291 -> KK3GMNB291_Deodurga_SOLAR_RD.xlsx
[2026-03-15 18:51:23] [SUCCESS] Downloaded 7D90291A -> 7D90291A_Prakasam Barrage APSW_SOLAR_RD.xlsx
[2026-03-15 18:51:23] [SUCCESS] Downloaded KK3GMNB353 -> KK3GMNB353_Sindhanur_SOLAR_RD.xlsx
[2026-03-15 18:51:23] [SUCCESS] Downloaded Patryachiwad -> Patryachiwad_Patryachiwadi_SOLAR_RD.xlsx
[2026-03-15 18:51:23] [INFO] Merging 5 file(s) to GeoPackage (2024-01-01 to 2024-01-07)
[2026-03-15 18:51:23] [INFO] Finished solar_radiation: Downloaded 5, Skipped 0 in 0.9s
[2026-03-15 18:51:23] [INFO] Processing dataset: discharge
[2026-03-15 18:51:23] [SUCCESS] Downloaded 006-UKDPUNE -> 006-UKDPUNE_Terwad (Seasonal)_DISCHARG.xlsx
[2026-03-15 18:51:23] [SUCCESS] Downloaded 019-LKDHYD -> 019-LKDHYD_Dameracherla_DISCHARG.xlsx
[2026-03-15 18:51:23] [SUCCESS] Downloaded 002-UKDPUNE -> 002-UKDPUNE_Warunji_DISCHARG.xlsx
[2026-03-15 18:51:23] [SUCCESS] Downloaded 003-UKDPUNE -> 003-UKDPUNE_Samdoli (Seasonal)_DISCHARG.xlsx
[2026-03-15 18:51:23] [SUCCESS] Downloaded 023-LKDHYD -> 023-LKDHYD_Paleru Bridge_DISCHARG.xlsx
[2026-03-15 18:51:23] [SUCCESS] Downloaded 021-LKDHYD -> 021-LKDHYD_Keesara_DISCHARG.xlsx
[2026-03-15 18:51:23] [SUCCESS] Downloaded 022-LKDHYD -> 022-LKDHYD_Madhira_DISCHARG.xlsx
[2026-03-15 18:51:24] [SUCCESS] Downloaded 026-LKDHYD -> 026-LKDHYD_Halia_DISCHARG.xlsx
[2026-03-15 18:51:24] [SUCCESS] Downloaded 029-LKDHYD -> 029-LKDHYD_Suddakal_DISCHARG.xlsx
[2026-03-15 18:51:24] [SUCCESS] Downloaded 028-LKDHYD -> 028-LKDHYD_Doddipadu_DISCHARG.xlsx
[2026-03-15 18:51:24] [SUCCESS] Downloaded 032-LKDHYD -> 032-LKDHYD_VEERLAPALEM_DISCHARG.xlsx
[2026-03-15 18:51:24] [SUCCESS] Downloaded 033-LKDHYD -> 033-LKDHYD_Munugodu_DISCHARG.xlsx
[2026-03-15 18:51:24] [SUCCESS] Downloaded 036-LKDHYD -> 036-LKDHYD_Vikkiralapeta_DISCHARG.xlsx
[2026-03-15 18:51:24] [SUCCESS] Downloaded 034-LKDHYD -> 034-LKDHYD_Anantharam_DISCHARG.xlsx
[2026-03-15 18:51:24] [SUCCESS] Downloaded 040-LKDHYD -> 040-LKDHYD_VALIGONDA_DISCHARG.xlsx
[2026-03-15 18:51:25] [SUCCESS] Downloaded 042-UKD PUNE -> 042-UKD PUNE_NANDRE_DISCHARG.xlsx
[2026-03-15 18:51:25] [SUCCESS] Downloaded 043-UKDPUNE -> 043-UKDPUNE_Rahu_DISCHARG.xlsx
[2026-03-15 18:51:25] [SUCCESS] Downloaded 049-CDBNG -> 049-CDBNG_LAKKAVALLI_DISCHARG.xlsx
[2026-03-15 18:51:25] [SUCCESS] Downloaded LKDHYD039 -> LKDHYD039_Penuganchi prolu_DISCHARG.xlsx
[2026-03-15 18:51:29] [WARN] No data returned for station: 020-ukdpune
[2026-03-15 18:51:30] [WARN] No data returned for station: 030-ukdpune
[2026-03-15 18:51:30] [WARN] No data returned for station: 032-UKDPUNE
[2026-03-15 18:51:30] [WARN] No data returned for station: 035-LKDHYD
[2026-03-15 18:51:31] [WARN] No data returned for station: 039-UKDPUNE
[2026-03-15 18:51:31] [WARN] No data returned for station: BAYYARAM
[2026-03-15 18:51:31] [WARN] No data returned for station: Khadakewada
[2026-03-15 18:51:32] [WARN] No data returned for station: MANDALAPADU
[2026-03-15 18:51:36] [WARN] No data returned for station: Songe Bange
[2026-03-15 18:51:37] [WARN] No data returned for station: Tiruvuru
[2026-03-15 18:51:37] [WARN] No data returned for station: Tumadu
[2026-03-15 18:51:37] [INFO] Merging 19 file(s) to GeoPackage (2024-01-01 to 2024-01-07)
[2026-03-15 18:51:37] [INFO] Finished discharge: Downloaded 19, Skipped 0 in 14.1s
