[2026-03-16 21:44:12] [INFO] Starting WRIS download for basin: Brahmani and Baitarni
[2026-03-16 21:44:16] [INFO] Processing dataset: sediment
[2026-03-16 21:44:16] [SUCCESS] Downloaded 018-ERDBWN -> 018-ERDBWN_Altuma_SEDIM.xlsx
[2026-03-16 21:44:22] [WARN] No data returned for station: 025-ERDBWN
[2026-03-16 21:44:22] [INFO] Merging 1 file(s) to GeoPackage (2024-01-01 to 2024-01-07)
[2026-03-16 21:44:23] [INFO] Finished sediment: Downloaded 1, Skipped 0 in 6.8s
[2026-03-16 21:44:48] [INFO] Starting WRIS download for basin: Brahmani and Baitarni
[2026-03-16 21:44:49] [INFO] Processing dataset: sediment
[2026-03-16 21:44:49] [INFO] Skipped 1 existing stations
[2026-03-16 21:44:55] [WARN] No data returned for station: 025-ERDBWN
[2026-03-16 21:44:55] [WARN] No data in requested time period; skipping merge
[2026-03-16 21:44:55] [INFO] Finished sediment: Downloaded 0, Skipped 1 in 6.5s
[2026-03-16 21:46:04] [INFO] Starting WRIS download for basin: Brahmani and Baitarni
[2026-03-16 21:46:06] [INFO] Processing dataset: solar_radiation
[2026-03-16 21:46:06] [INFO] Finished solar_radiation: Downloaded 0, Skipped 0 in 0.0s
[2026-03-16 21:46:06] [INFO] Processing dataset: sediment
[2026-03-16 21:46:06] [INFO] Skipped 1 existing stations
[2026-03-16 21:46:13] [WARN] No data returned for station: 025-ERDBWN
[2026-03-16 21:46:13] [WARN] No data in requested time period; skipping merge
[2026-03-16 21:46:13] [INFO] Finished sediment: Downloaded 0, Skipped 1 in 6.5s
[2026-03-16 22:04:32] [INFO] Starting WRIS download for basin: Brahmani and Baitarni
[2026-03-16 22:04:34] [INFO] Processing dataset: solar_radiation
[2026-03-16 22:04:34] [INFO] Finished solar_radiation: Downloaded 0, Skipped 0 in 0.0s
[2026-03-16 22:04:34] [INFO] Processing dataset: sediment
[2026-03-16 22:04:34] [INFO] Skipped 1 existing stations
[2026-03-16 22:04:40] [WARN] No data returned for station: 025-ERDBWN
[2026-03-16 22:04:40] [WARN] No data in requested time period; skipping merge
[2026-03-16 22:04:40] [INFO] Finished sediment: Downloaded 0, Skipped 1 in 6.5s
[2026-03-16 22:05:02] [INFO] Starting WRIS download for basin: Brahmani and Baitarni
[2026-03-16 22:05:03] [INFO] Processing dataset: solar_radiation
[2026-03-16 22:05:03] [INFO] Finished solar_radiation: Downloaded 0, Skipped 0 in 0.0s
[2026-03-16 22:05:03] [INFO] Processing dataset: sediment
[2026-03-16 22:05:04] [SUCCESS] Downloaded 018-ERDBWN -> 018-ERDBWN_Altuma_SEDIM.xlsx
[2026-03-16 22:05:10] [WARN] No data returned for station: 025-ERDBWN
[2026-03-16 22:05:10] [INFO] Merging 1 file(s) to GeoPackage (2024-01-01 to 2024-01-07)
[2026-03-16 22:05:10] [INFO] Finished sediment: Downloaded 1, Skipped 0 in 7.2s
