[2026-03-16 22:23:23] [INFO] Starting CWC water_level download
[2026-03-16 22:23:23] [INFO] Selected 42 CWC stations after filters
[2026-03-16 22:23:38] [SUCCESS] Downloaded 028- MDSIL
[2026-03-16 22:23:38] [SUCCESS] Downloaded 021-MBDGHY
[2026-03-16 22:23:38] [SUCCESS] Downloaded 018-MDSIL
[2026-03-16 22:23:38] [SUCCESS] Downloaded 015-MDSIL
[2026-03-16 22:23:38] [SUCCESS] Downloaded 016-MDSIL
[2026-03-16 22:23:38] [SUCCESS] Downloaded 012-MDSIL
[2026-03-16 22:23:38] [SUCCESS] Downloaded 011-mdsil
[2026-03-16 22:23:38] [SUCCESS] Downloaded 027- MDSIL
[2026-03-16 22:23:38] [SUCCESS] Downloaded 008-MDSIL
[2026-03-16 22:23:38] [SUCCESS] Downloaded 013-MDSIL
[2026-03-16 22:23:38] [SUCCESS] Downloaded 002-MDSIL
[2026-03-16 22:23:38] [SUCCESS] Downloaded 004-mdsil
[2026-03-16 22:23:38] [SUCCESS] Downloaded 026- MDSIL
[2026-03-16 22:23:38] [SUCCESS] Downloaded 019-MDSIL
[2026-03-16 22:23:38] [SUCCESS] Downloaded 024- MDSIL
[2026-03-16 22:23:38] [SUCCESS] Downloaded 012-MBDGHY
[2026-03-16 22:23:38] [SUCCESS] Downloaded 006-MDSIL
[2026-03-16 22:23:38] [SUCCESS] Downloaded 007-MDSIL
[2026-03-16 22:23:38] [SUCCESS] Downloaded 023-MDSIL
[2026-03-16 22:23:38] [WARN] Failed or empty data for 010-MBDGHY
[2026-03-16 22:23:38] [SUCCESS] Downloaded 009-mdsil
[2026-03-16 22:23:38] [SUCCESS] Downloaded 001-MDSIL
[2026-03-16 22:23:38] [WARN] Failed or empty data for 023-MBDGHY
[2026-03-16 22:23:38] [WARN] Failed or empty data for 016-MBDGHY
[2026-03-16 22:23:38] [WARN] Failed or empty data for 015-MBDGHY
[2026-03-16 22:23:38] [SUCCESS] Downloaded 017-MBDghy
[2026-03-16 22:23:38] [SUCCESS] Downloaded 013-MBDGHY
[2026-03-16 22:23:38] [SUCCESS] Downloaded 022-MDSIL
[2026-03-16 22:23:38] [SUCCESS] Downloaded 005-mdsil
[2026-03-16 22:23:38] [SUCCESS] Downloaded 022-MBDGHY
[2026-03-16 22:23:38] [SUCCESS] Downloaded 020-MDSIL
[2026-03-16 22:23:38] [WARN] Failed or empty data for 011-MBDGHY
[2026-03-16 22:23:38] [SUCCESS] Downloaded 003-MDSIL
[2026-03-16 22:23:38] [SUCCESS] Downloaded 001-MIDSHL
[2026-03-16 22:23:38] [SUCCESS] Downloaded 030-MBDGHY
[2026-03-16 22:23:38] [SUCCESS] Downloaded 010-mdsil
[2026-03-16 22:23:38] [SUCCESS] Downloaded 021-MDSIL
[2026-03-16 22:23:38] [SUCCESS] Downloaded 019-MBDGHY
[2026-03-16 22:23:38] [SUCCESS] Downloaded 014-MDSIL
[2026-03-16 22:23:38] [SUCCESS] Downloaded 002-midshl
[2026-03-16 22:23:38] [WARN] Failed or empty data for 009-MBDGHY
[2026-03-16 22:23:38] [SUCCESS] Downloaded 017-MDSIL
[2026-03-16 22:23:38] [INFO] Merging 36 CWC file(s) to GeoPackage: cwc_waterlevel_barak_and_others_2024-01-01_2024-01-07.gpkg
[2026-03-16 22:23:38] [INFO] Finished CWC: Downloaded 36, Skipped 0 in 15.4s
[2026-03-16 22:23:38] [INFO] Starting CWC water_level download
[2026-03-16 22:23:38] [INFO] Selected 21 CWC stations after filters
[2026-03-16 22:23:55] [WARN] Failed or empty data for 052-ERDBWN
[2026-03-16 22:23:55] [SUCCESS] Downloaded 015-ERDBWN
[2026-03-16 22:23:55] [WARN] Failed or empty data for 067-ERDBWN
[2026-03-16 22:23:55] [WARN] Failed or empty data for 073-ERDBWN
[2026-03-16 22:23:55] [WARN] Failed or empty data for 061-ERDBWN
[2026-03-16 22:23:55] [SUCCESS] Downloaded 050-ERDBWN
[2026-03-16 22:23:55] [SUCCESS] Downloaded 020-ERDBWN
[2026-03-16 22:23:55] [WARN] Failed or empty data for 068-ERDBWN
[2026-03-16 22:23:55] [SUCCESS] Downloaded 019-ERDBWN
[2026-03-16 22:23:55] [SUCCESS] Downloaded 016-ERDBWN
[2026-03-16 22:23:55] [SUCCESS] Downloaded 022-ERDBWN
[2026-03-16 22:23:55] [SUCCESS] Downloaded 065-ERDBWN
[2026-03-16 22:23:55] [SUCCESS] Downloaded 053-ERDBWN
[2026-03-16 22:23:55] [SUCCESS] Downloaded 023-ERDBWN
[2026-03-16 22:23:55] [SUCCESS] Downloaded 013-ERDBWN
[2026-03-16 22:23:55] [SUCCESS] Downloaded 014-ERDBWN
[2026-03-16 22:23:55] [WARN] Failed or empty data for 051-ERDBWN
[2026-03-16 22:23:55] [WARN] Failed or empty data for 049-ERDBWN
[2026-03-16 22:23:55] [WARN] Failed or empty data for 055-erdbwn
[2026-03-16 22:23:55] [SUCCESS] Downloaded 017-ERDBWN
[2026-03-16 22:23:55] [SUCCESS] Downloaded 018-ERDBWN
[2026-03-16 22:23:55] [INFO] Merging 13 CWC file(s) to GeoPackage: cwc_waterlevel_brahmani_and_baitarni_2024-01-01_2024-01-07.gpkg
[2026-03-16 22:23:55] [INFO] Finished CWC: Downloaded 13, Skipped 0 in 16.5s
[2026-03-16 22:25:15] [INFO] Starting CWC water_level download
[2026-03-16 22:25:15] [INFO] Selected 1 CWC stations after filters
[2026-03-16 22:25:16] [SUCCESS] Downloaded 008-TDSURAT
[2026-03-16 22:25:16] [INFO] Merging 1 CWC file(s) to GeoPackage: cwc_waterlevel_tapi_2024-01-01_2024-01-07.gpkg
[2026-03-16 22:25:16] [INFO] Finished CWC: Downloaded 1, Skipped 0 in 0.2s
[2026-03-16 22:25:16] [INFO] Starting CWC water_level download
[2026-03-16 22:25:16] [INFO] Selected 1 CWC stations after filters
[2026-03-16 22:25:16] [SUCCESS] Downloaded 005-SWRDKOCHI
[2026-03-16 22:25:16] [INFO] Merging 1 CWC file(s) to GeoPackage: cwc_waterlevel_west_flowing_rivers_from_tapi_to_tadri_2024-01-01_2024-01-07.gpkg
[2026-03-16 22:25:16] [INFO] Finished CWC: Downloaded 1, Skipped 0 in 0.2s
